# JRE version: Java(TM) SE Runtime Environment (8.0_181-b13) (build 1.8.0_181-b13)
# Java VM: Java HotSpot(TM) 64-Bit Server VM (25.181-b13 mixed mode windows-amd64 compressed oops)
Heap:
 PSYoungGen      total 193536K, used 68441K [0x000000076ae00000, 0x0000000778a00000, 0x00000007c0000000)
  eden space 172032K, 27% used [0x000000076ae00000,0x000000076dbda898,0x0000000775600000)
  from space 21504K, 99% used [0x0000000776b00000,0x0000000777ffbc58,0x0000000778000000)
  to   space 21504K, 0% used [0x0000000775600000,0x0000000775600000,0x0000000776b00000)
 ParOldGen       total 349696K, used 27229K [0x00000006c0a00000, 0x00000006d5f80000, 0x000000076ae00000)
  object space 349696K, 7% used [0x00000006c0a00000,0x00000006c2497548,0x00000006d5f80000)
 Metaspace       used 30004K, capacity 30604K, committed 30768K, reserved 1077248K
  class space    used 3451K, capacity 3614K, committed 3632K, reserved 1048576K
GC Heap History (10 events):
Event: 5.812 GC heap before
{Heap before GC invocations=1 (full 0):
 PSYoungGen      total 153088K, used 131584K [0x000000076ae00000, 0x0000000775880000, 0x00000007c0000000)
  eden space 131584K, 100% used [0x000000076ae00000,0x0000000772e80000,0x0000000772e80000)
  from space 21504K, 0% used [0x0000000774380000,0x0000000774380000,0x0000000775880000)
  to   space 21504K, 0% used [0x0000000772e80000,0x0000000772e80000,0x0000000774380000)
 ParOldGen       total 349696K, used 0K [0x00000006c0a00000, 0x00000006d5f80000, 0x000000076ae00000)
  object space 349696K, 0% used [0x00000006c0a00000,0x00000006c0a00000,0x00000006d5f80000)
 Metaspace       used 16350K, capacity 16674K, committed 16896K, reserved 1064960K
  class space    used 1942K, capacity 2042K, committed 2048K, reserved 1048576K
Event: 5.843 GC heap after
Heap after GC invocations=1 (full 0):
 PSYoungGen      total 153088K, used 16531K [0x000000076ae00000, 0x0000000775880000, 0x00000007c0000000)
  eden space 131584K, 0% used [0x000000076ae00000,0x000000076ae00000,0x0000000772e80000)
  from space 21504K, 76% used [0x0000000772e80000,0x0000000773ea4d78,0x0000000774380000)
  to   space 21504K, 0% used [0x0000000774380000,0x0000000774380000,0x0000000775880000)
 ParOldGen       total 349696K, used 16K [0x00000006c0a00000, 0x00000006d5f80000, 0x000000076ae00000)
  object space 349696K, 0% used [0x00000006c0a00000,0x00000006c0a04000,0x00000006d5f80000)
 Metaspace       used 16350K, capacity 16674K, committed 16896K, reserved 1064960K
  class space    used 1942K, capacity 2042K, committed 2048K, reserved 1048576K
}
Event: 11.867 GC heap before
{Heap before GC invocations=2 (full 0):
 PSYoungGen      total 153088K, used 114074K [0x000000076ae00000, 0x0000000775880000, 0x00000007c0000000)
  eden space 131584K, 74% used [0x000000076ae00000,0x0000000770d41de8,0x0000000772e80000)
  from space 21504K, 76% used [0x0000000772e80000,0x0000000773ea4d78,0x0000000774380000)
  to   space 21504K, 0% used [0x0000000774380000,0x0000000774380000,0x0000000775880000)
 ParOldGen       total 349696K, used 16K [0x00000006c0a00000, 0x00000006d5f80000, 0x000000076ae00000)
  object space 349696K, 0% used [0x00000006c0a00000,0x00000006c0a04000,0x00000006d5f80000)
 Metaspace       used 20666K, capacity 21170K, committed 21296K, reserved 1069056K
  class space    used 2447K, capacity 2580K, committed 2608K, reserved 1048576K
Event: 11.936 GC heap after
Heap after GC invocations=2 (full 0):
 PSYoungGen      total 153088K, used 12365K [0x000000076ae00000, 0x0000000775880000, 0x00000007c0000000)
  eden space 131584K, 0% used [0x000000076ae00000,0x000000076ae00000,0x0000000772e80000)
  from space 21504K, 57% used [0x0000000774380000,0x0000000774f93638,0x0000000775880000)
  to   space 21504K, 0% used [0x0000000772e80000,0x0000000772e80000,0x0000000774380000)
 ParOldGen       total 349696K, used 16K [0x00000006c0a00000, 0x00000006d5f80000, 0x000000076ae00000)
  object space 349696K, 0% used [0x00000006c0a00000,0x00000006c0a04000,0x00000006d5f80000)
 Metaspace       used 20666K, capacity 21170K, committed 21296K, reserved 1069056K
  class space    used 2447K, capacity 2580K, committed 2608K, reserved 1048576K
}
Event: 11.936 GC heap before
{Heap before GC invocations=3 (full 1):
 PSYoungGen      total 153088K, used 12365K [0x000000076ae00000, 0x0000000775880000, 0x00000007c0000000)
  eden space 131584K, 0% used [0x000000076ae00000,0x000000076ae00000,0x0000000772e80000)
  from space 21504K, 57% used [0x0000000774380000,0x0000000774f93638,0x0000000775880000)
  to   space 21504K, 0% used [0x0000000772e80000,0x0000000772e80000,0x0000000774380000)
 ParOldGen       total 349696K, used 16K [0x00000006c0a00000, 0x00000006d5f80000, 0x000000076ae00000)
  object space 349696K, 0% used [0x00000006c0a00000,0x00000006c0a04000,0x00000006d5f80000)
 Metaspace       used 20666K, capacity 21170K, committed 21296K, reserved 1069056K
  class space    used 2447K, capacity 2580K, committed 2608K, reserved 1048576K
Event: 12.119 GC heap after
Heap after GC invocations=3 (full 1):
 PSYoungGen      total 153088K, used 0K [0x000000076ae00000, 0x0000000775880000, 0x00000007c0000000)
  eden space 131584K, 0% used [0x000000076ae00000,0x000000076ae00000,0x0000000772e80000)
  from space 21504K, 0% used [0x0000000774380000,0x0000000774380000,0x0000000775880000)
  to   space 21504K, 0% used [0x0000000772e80000,0x0000000772e80000,0x0000000774380000)
 ParOldGen       total 349696K, used 12282K [0x00000006c0a00000, 0x00000006d5f80000, 0x000000076ae00000)
  object space 349696K, 3% used [0x00000006c0a00000,0x00000006c15fea60,0x00000006d5f80000)
 Metaspace       used 20666K, capacity 21170K, committed 21296K, reserved 1069056K
  class space    used 2447K, capacity 2580K, committed 2608K, reserved 1048576K
}
Event: 22.052 GC heap before
{Heap before GC invocations=4 (full 1):
 PSYoungGen      total 153088K, used 131584K [0x000000076ae00000, 0x0000000775880000, 0x00000007c0000000)
  eden space 131584K, 100% used [0x000000076ae00000,0x0000000772e80000,0x0000000772e80000)
  from space 21504K, 0% used [0x0000000774380000,0x0000000774380000,0x0000000775880000)
  to   space 21504K, 0% used [0x0000000772e80000,0x0000000772e80000,0x0000000774380000)
 ParOldGen       total 349696K, used 12282K [0x00000006c0a00000, 0x00000006d5f80000, 0x000000076ae00000)
  object space 349696K, 3% used [0x00000006c0a00000,0x00000006c15fea60,0x00000006d5f80000)
 Metaspace       used 28955K, capacity 29600K, committed 30000K, reserved 1075200K
  class space    used 3343K, capacity 3515K, committed 3632K, reserved 1048576K
Event: 22.091 GC heap after
Heap after GC invocations=4 (full 1):
 PSYoungGen      total 153088K, used 20854K [0x000000076ae00000, 0x0000000778000000, 0x00000007c0000000)
  eden space 131584K, 0% used [0x000000076ae00000,0x000000076ae00000,0x0000000772e80000)
  from space 21504K, 96% used [0x0000000772e80000,0x00000007742dd850,0x0000000774380000)
  to   space 21504K, 0% used [0x0000000776b00000,0x0000000776b00000,0x0000000778000000)
 ParOldGen       total 349696K, used 12354K [0x00000006c0a00000, 0x00000006d5f80000, 0x000000076ae00000)
  object space 349696K, 3% used [0x00000006c0a00000,0x00000006c1610a70,0x00000006d5f80000)
 Metaspace       used 28955K, capacity 29600K, committed 30000K, reserved 1075200K
  class space    used 3343K, capacity 3515K, committed 3632K, reserved 1048576K
}
Event: 25.227 GC heap before
{Heap before GC invocations=5 (full 1):
 PSYoungGen      total 153088K, used 152438K [0x000000076ae00000, 0x0000000778000000, 0x00000007c0000000)
  eden space 131584K, 100% used [0x000000076ae00000,0x0000000772e80000,0x0000000772e80000)
  from space 21504K, 96% used [0x0000000772e80000,0x00000007742dd850,0x0000000774380000)
  to   space 21504K, 0% used [0x0000000776b00000,0x0000000776b00000,0x0000000778000000)
 ParOldGen       total 349696K, used 12354K [0x00000006c0a00000, 0x00000006d5f80000, 0x000000076ae00000)
  object space 349696K, 3% used [0x00000006c0a00000,0x00000006c1610a70,0x00000006d5f80000)
 Metaspace       used 30002K, capacity 30604K, committed 30768K, reserved 1077248K
  class space    used 3451K, capacity 3614K, committed 3632K, reserved 1048576K
Event: 25.283 GC heap after
Heap after GC invocations=5 (full 1):
 PSYoungGen      total 193536K, used 21487K [0x000000076ae00000, 0x0000000778a00000, 0x00000007c0000000)
  eden space 172032K, 0% used [0x000000076ae00000,0x000000076ae00000,0x0000000775600000)
  from space 21504K, 99% used [0x0000000776b00000,0x0000000777ffbc58,0x0000000778000000)
  to   space 21504K, 0% used [0x0000000775600000,0x0000000775600000,0x0000000776b00000)
 ParOldGen       total 349696K, used 27229K [0x00000006c0a00000, 0x00000006d5f80000, 0x000000076ae00000)
  object space 349696K, 7% used [0x00000006c0a00000,0x00000006c2497548,0x00000006d5f80000)
 Metaspace       used 30002K, capacity 30604K, committed 30768K, reserved 1077248K
  class space    used 3451K, capacity 3614K, committed 3632K, reserved 1048576K
}

